Performing C SOURCE FILE Test CMAKE_HAVE_LIBC_PTHREAD failed with the following output:
Change Dir: /home/trnqungnh/fandm/cps376/final-project/DistributedImageProcessing/worker/build/CMakeFiles/CMakeTmp

Run Build Command(s):/usr/bin/make cmTC_e127f/fast && make[1]: Entering directory '/home/trnqungnh/fandm/cps376/final-project/DistributedImageProcessing/worker/build/CMakeFiles/CMakeTmp'
/usr/bin/make -f CMakeFiles/cmTC_e127f.dir/build.make CMakeFiles/cmTC_e127f.dir/build
make[2]: Entering directory '/home/trnqungnh/fandm/cps376/final-project/DistributedImageProcessing/worker/build/CMakeFiles/CMakeTmp'
Building C object CMakeFiles/cmTC_e127f.dir/src.c.o
/usr/bin/cc   -DCMAKE_HAVE_LIBC_PTHREAD   -o CMakeFiles/cmTC_e127f.dir/src.c.o   -c /home/trnqungnh/fandm/cps376/final-project/DistributedImageProcessing/worker/build/CMakeFiles/CMakeTmp/src.c
Linking C executable cmTC_e127f
/usr/bin/cmake -E cmake_link_script CMakeFiles/cmTC_e127f.dir/link.txt --verbose=1
/usr/bin/cc  -DCMAKE_HAVE_LIBC_PTHREAD    -rdynamic CMakeFiles/cmTC_e127f.dir/src.c.o  -o cmTC_e127f 
/usr/bin/ld: CMakeFiles/cmTC_e127f.dir/src.c.o: in function `main':
src.c:(.text+0x46): undefined reference to `pthread_create'
/usr/bin/ld: src.c:(.text+0x52): undefined reference to `pthread_detach'
/usr/bin/ld: src.c:(.text+0x63): undefined reference to `pthread_join'
collect2: error: ld returned 1 exit status
make[2]: *** [CMakeFiles/cmTC_e127f.dir/build.make:87: cmTC_e127f] Error 1
make[2]: Leaving directory '/home/trnqungnh/fandm/cps376/final-project/DistributedImageProcessing/worker/build/CMakeFiles/CMakeTmp'
make[1]: *** [Makefile:121: cmTC_e127f/fast] Error 2
make[1]: Leaving directory '/home/trnqungnh/fandm/cps376/final-project/DistributedImageProcessing/worker/build/CMakeFiles/CMakeTmp'


Source file was:
#include <pthread.h>

void* test_func(void* data)
{
  return data;
}

int main(void)
{
  pthread_t thread;
  pthread_create(&thread, NULL, test_func, NULL);
  pthread_detach(thread);
  pthread_join(thread, NULL);
  pthread_atfork(NULL, NULL, NULL);
  pthread_exit(NULL);

  return 0;
}

